3 8 3 8 0.00481478
3 8 1 84 -0.000307696
3 8 2 100 -0.0010906
3 8 4 24 -0.000758552
3 8 5 60 -0.000602704
3 8 7 20 -8.17793e-05
3 8 8 8 -0.000121315
3 8 9 8 -0.000331936
3 8 10 8 -2.09461e-05
3 8 0 0 -0.00285114

3 20 3 20 0.0039273
3 20 1 48 -0.000154452
3 20 2 48 -0.000608153
3 20 4 20 -0.00023755
3 20 4 32 -0.000840745
3 20 5 24 -0.000607735
3 20 5 44 -0.000238668
3 20 7 8 -4.48047e-05
3 20 8 8 -4.08864e-05
3 20 9 8 -0.000100127
3 20 10 8 -2.00995e-05
3 20 0 0 -0.00285114

3 24 3 24 0.171855
3 24 1 100 -0.0517456
3 24 2 124 -0.0299344
3 24 4 8 -0.000510822
3 24 4 24 -0.00795814
3 24 5 24 -0.000703605
3 24 5 32 -1.66288e-05
3 24 5 52 -1.44536e-05
3 24 5 60 -0.00700542
3 24 5 68 -6.40454e-06
3 24 5 80 -1.45946e-05
3 24 5 84 -0.0137703
3 24 5 88 -0.000341102
3 24 5 92 -0.00409531
3 24 5 152 -2.48815e-05
3 24 7 8 -0.000421618
3 24 7 20 -0.011608
3 24 7 24 -0.000500356
3 24 7 28 -0.0296777
3 24 8 8 -0.00186303
3 24 9 8 -0.00337171
3 24 10 8 -0.000112496
3 24 11 8 -1.53009e-05
3 24 0 0 -0.00285114

3 32 3 32 0.0148101
3 32 1 48 -0.000533961
3 32 2 48 -0.00204784
3 32 4 32 -0.00837206
3 32 5 96 -0.00137791
3 32 5 104 -0.000381322
3 32 5 112 -3.20426e-05
3 32 5 120 -7.12078e-06
3 32 5 128 -3.91089e-05
3 32 5 136 -0.000457829
3 32 5 144 -6.15972e-05
3 32 5 160 -1.12049e-05
3 32 5 168 -1.16095e-05
3 32 5 176 -2.35371e-05
3 32 6 72 -2.36595e-05
3 32 6 88 -1.50378e-05
3 32 7 8 -2.77428e-05
3 32 8 8 -0.000204594
3 32 9 8 -0.000453929
3 32 0 0 -0.00285114

4 8 4 8 0.00566274
4 8 1 84 -0.000164208
4 8 2 108 -0.000251896
4 8 3 24 -0.000510822
4 8 5 52 -0.000539693
4 8 5 68 -0.00116796
4 8 7 20 -0.000593482
4 8 10 8 -0.000561655
4 8 11 8 -4.40707e-05
4 8 0 0 -0.000126799

4 20 4 20 0.00388492
4 20 1 48 -9.84044e-05
4 20 2 56 -0.000124287
4 20 3 20 -0.00023755
4 20 5 104 -0.00129592
4 20 7 8 -0.000195585
4 20 10 8 -0.00012834
4 20 11 8 -4.31201e-05
4 20 0 0 -4.75889e-05

4 24 4 24 0.17377
4 24 1 100 -0.00224756
4 24 2 132 -0.030104
4 24 3 8 -0.000758552
4 24 3 24 -0.00795814
4 24 5 8 -7.13376e-06
4 24 5 24 -0.000330728
4 24 5 32 -0.00087305
4 24 5 44 -4.50708e-05
4 24 5 60 -0.00690029
4 24 5 68 -0.0125358
4 24 5 72 -9.03331e-06
4 24 5 80 -0.000531395
4 24 5 84 -0.0454358
4 24 5 88 -0.000358889
4 24 5 92 -0.00414431
4 24 7 8 -0.00121278
4 24 7 20 -0.0117629
4 24 7 24 -0.000517827
4 24 7 28 -0.0295578
4 24 8 8 -4.71293e-05
4 24 9 8 -5.60353e-05
4 24 10 8 -0.0075469
4 24 11 8 -0.000182981
4 24 0 0 -3.23631e-05

4 32 4 32 0.0221216
4 32 1 48 -0.00257489
4 32 2 48 -0.000715678
4 32 3 20 -0.000840745
4 32 3 32 -0.00837206
4 32 5 96 -9.53062e-05
4 32 5 104 -0.00393828
4 32 5 112 -0.000600621
4 32 5 120 -0.000368679
4 32 5 128 -0.000170662
4 32 5 136 -0.000290194
4 32 5 144 -0.000721625
4 32 5 152 -0.000149261
4 32 5 160 -0.000263376
4 32 5 168 -0.00021276
4 32 5 176 -0.000131238
4 32 6 8 -4.79864e-05
4 32 6 72 -8.67193e-06
4 32 6 80 -8.75554e-06
4 32 6 88 -2.86797e-05
4 32 7 8 -0.000429367
4 32 8 8 -0.000443003
4 32 9 8 -0.00029608
4 32 10 8 -1.52122e-05
4 32 11 8 -1.197e-05
4 32 0 0 -0.0154161

5 8 5 8 0.00443299
5 8 1 92 -0.00110543
5 8 2 116 -0.000312333
5 8 4 24 -7.13376e-06
5 8 6 44 -0.000991506
5 8 10 8 -4.46998e-05
5 8 11 8 -0.000554514
5 8 12 8 -0.000167579
5 8 13 8 -0.000204427
5 8 0 0 -3.92273e-05

5 20 5 20 0.00319636
5 20 1 56 -0.000554265
5 20 2 64 -0.000201402
5 20 6 8 -0.00102615
5 20 10 8 -4.53812e-05
5 20 11 8 -0.000167949
5 20 12 8 -7.151e-05
5 20 13 8 -9.22717e-05
5 20 0 0 -9.47466e-06

5 24 5 24 0.00823022
5 24 2 56 -0.00607473
5 24 3 20 -0.000607735
5 24 3 24 -0.000703605
5 24 4 24 -0.000330728
5 24 6 28 -1.45921e-05
5 24 9 8 -1.97173e-05
5 24 10 8 -2.46718e-05
5 24 0 0 -1.11235e-05

5 32 5 32 0.0115466
5 32 1 8 -0.0044553
5 32 3 24 -1.66288e-05
5 32 4 24 -0.00087305
5 32 6 44 -2.62665e-05
5 32 7 8 -0.00382028
5 32 10 8 -0.0013039
5 32 11 8 -0.000415208
5 32 0 0 -1.62796e-05

5 44 5 44 0.00265127
5 44 2 56 -0.00205991
5 44 3 20 -0.000238668
5 44 4 24 -4.50708e-05
5 44 9 8 -1.3033e-05
5 44 0 0 -9.10385e-06

5 52 5 52 0.00212236
5 52 1 56 -0.000258961
5 52 2 56 -1.32721e-05
5 52 3 24 -1.44536e-05
5 52 4 8 -0.000539693
5 52 7 8 -0.000253889
5 52 10 8 -0.000137275
5 52 11 8 -6.35991e-05
5 52 0 0 -2.62135e-07

5 60 5 60 0.0310993
5 60 2 132 -0.00321184
5 60 3 8 -0.000602704
5 60 3 24 -0.00700542
5 60 4 24 -0.00690029
5 60 9 8 -1.12441e-05
5 60 10 8 -2.27513e-05
5 60 0 0 -3.53247e-05

5 68 5 68 0.058821
5 68 1 8 -0.00215367
5 68 2 108 -1.90351e-05
5 68 3 24 -6.40454e-06
5 68 4 8 -0.00116796
5 68 4 24 -0.0125358
5 68 7 28 -0.000732136
5 68 10 8 -0.0297104
5 68 11 8 -0.000244073
5 68 0 0 -4.23003e-05

5 72 5 72 0.171756
5 72 1 108 -0.051147
5 72 2 140 -0.030067
5 72 4 24 -9.03331e-06
5 72 6 8 -0.00106945
5 72 6 16 -0.000475975
5 72 6 28 -0.000217697
5 72 6 36 -0.000141693
5 72 6 44 -0.0125979
5 72 6 52 -0.00696566
5 72 6 56 -0.000545985
5 72 6 60 -0.045978
5 72 6 64 -0.000338454
5 72 6 68 -0.00403167
5 72 10 8 -0.000168502
5 72 11 8 -0.00760798
5 72 12 8 -0.00183266
5 72 13 8 -0.00346135
5 72 0 0 -1.17931e-06

5 80 5 80 0.00507969
5 80 1 96 -5.01539e-05
5 80 3 24 -1.45946e-05
5 80 4 24 -0.000531395
5 80 7 24 -8.43499e-05
5 80 10 8 -0.00206772
5 80 11 8 -6.922e-05
5 80 0 0 -0.0014368

5 84 5 84 0.0290697
5 84 1 8 -0.000230263
5 84 3 24 -0.0137703
5 84 4 24 -0.0454358
5 84 7 20 -0.000748496
5 84 7 28 -1.64183e-05
5 84 10 8 -0.0144903
5 84 0 0 -0.000236148

5 88 5 88 0.00256099
5 88 2 128 -0.000120874
5 88 3 24 -0.000341102
5 88 4 24 -0.000358889
5 88 9 8 -2.35949e-05
5 88 10 8 -2.25934e-05
5 88 0 0 -0.000834403

5 92 5 92 0.0169453
5 92 2 132 -0.000208011
5 92 3 24 -0.00409531
5 92 4 24 -0.00414431
5 92 9 8 -1.28461e-05
5 92 10 8 -1.25745e-05
5 92 0 0 -0.000195281

5 96 5 96 0.00577339
5 96 1 48 -7.05713e-05
5 96 2 152 -0.00414909
5 96 3 32 -0.00137791
5 96 4 32 -9.53062e-05
5 96 6 72 -2.85159e-05
5 96 9 8 -1.65979e-05
5 96 10 8 -1.51275e-05
5 96 0 0 -0.000469901

5 104 5 104 0.00342658
5 104 1 48 -1.60356e-05
5 104 2 56 -0.0001851
5 104 3 32 -0.000381322
5 104 4 20 -0.00129592
5 104 4 32 -0.00393828
5 104 7 8 -5.53513e-06
5 104 10 8 -1.28348e-05
5 104 0 0 -1.93656e-05

5 112 5 112 0.00297935
5 112 1 56 -0.000730425
5 112 2 56 -6.71469e-05
5 112 3 32 -3.20426e-05
5 112 4 32 -0.000600621
5 112 6 80 -8.49132e-05
5 112 7 8 -0.000132615
5 112 10 8 -8.08507e-05
5 112 11 8 -6.18824e-05
5 112 0 0 -0.000269887

5 120 5 120 0.00101657
5 120 1 56 -3.69954e-05
5 120 2 56 -4.61677e-05
5 120 3 32 -7.12078e-06
5 120 4 32 -0.000368679
5 120 6 8 -1.34394e-05
5 120 7 8 -5.69644e-06
5 120 10 8 -5.95411e-05
5 120 11 8 -2.64765e-05
5 120 0 0 -4.78312e-05

5 128 5 128 0.00430519
5 128 1 56 -0.000128776
5 128 2 56 -0.00253069
5 128 3 32 -3.91089e-05
5 128 4 32 -0.000170662
5 128 6 16 -5.6505e-06
5 128 6 72 -0.000133327
5 128 10 8 -0.000296792
5 128 11 8 -0.000233175
5 128 0 0 -0.00035113

5 136 5 136 0.00329429
5 136 1 48 -6.35534e-05
5 136 2 56 -0.00127881
5 136 3 32 -0.000457829
5 136 4 32 -0.000290194
5 136 6 72 -2.39277e-05
5 136 10 8 -5.30545e-05
5 136 11 8 -1.39542e-05
5 136 0 0 -0.000286281

5 144 5 144 0.00240281
5 144 1 56 -6.04041e-05
5 144 2 56 -0.000424506
5 144 3 32 -6.15972e-05
5 144 4 32 -0.000721625
5 144 6 72 -2.09441e-05
5 144 10 8 -9.85017e-05
5 144 11 8 -3.54481e-05
5 144 0 0 -0.000147427

5 152 5 152 0.00784671
5 152 1 120 -0.0053533
5 152 2 56 -0.000125105
5 152 3 24 -2.48815e-05
5 152 4 32 -0.000149261
5 152 6 80 -0.000210312
5 152 7 8 -0.000164886
5 152 8 8 -1.16799e-05
5 152 10 8 -0.000221846
5 152 11 8 -0.000191565
5 152 0 0 -0.000691059

5 160 5 160 0.00133444
5 160 1 56 -0.000270376
5 160 2 56 -7.96044e-05
5 160 3 32 -1.12049e-05
5 160 4 32 -0.000263376
5 160 6 8 -4.44713e-05
5 160 7 8 -7.69294e-06
5 160 10 8 -9.6197e-05
5 160 11 8 -6.81799e-05
5 160 0 0 -0.000139015

5 168 5 168 0.00101495
5 168 1 56 -6.0335e-05
5 168 2 56 -0.000188659
5 168 3 32 -1.16095e-05
5 168 4 32 -0.00021276
5 168 6 72 -3.00977e-05
5 168 10 8 -8.77981e-05
5 168 11 8 -5.61062e-05
5 168 0 0 -9.49599e-05

5 176 5 176 0.00832226
5 176 1 56 -0.00155914
5 176 2 64 -0.00112989
5 176 3 32 -2.35371e-05
5 176 4 32 -0.000131238
5 176 6 8 -0.00170621
5 176 6 72 -0.000352759
5 176 6 80 -0.000395403
5 176 6 88 -0.0020709
5 176 7 8 -6.60086e-06
5 176 10 8 -0.000341078
5 176 11 8 -0.000516324
5 176 12 8 -3.33641e-05
5 176 13 8 -4.46049e-05
5 176 0 0 -0.000807461

6 8 6 8 0.0117162
6 8 1 56 -0.00740408
6 8 2 116 -6.08712e-05
6 8 4 32 -4.79864e-05
6 8 5 20 -0.00102615
6 8 5 72 -0.00106945
6 8 5 120 -1.34394e-05
6 8 5 160 -4.44713e-05
6 8 5 176 -0.00170621
6 8 11 8 -2.38125e-05
6 8 12 8 -0.00140402
6 8 13 8 -0.000120164
6 8 0 0 -0.000212594

6 16 6 16 0.00731326
6 16 1 92 -2.94546e-05
6 16 2 64 -0.00500253
6 16 5 72 -0.000475975
6 16 5 128 -5.6505e-06
6 16 10 8 -1.16056e-05
6 16 11 8 -4.99335e-05
6 16 12 8 -5.66085e-05
6 16 13 8 -0.000917753
6 16 0 0 -0.000110535

6 28 6 28 0.00221397
6 28 2 64 -0.00154528
6 28 5 24 -1.45921e-05
6 28 5 72 -0.000217697
6 28 10 8 -1.12599e-05
6 28 11 8 -3.45772e-05
6 28 12 8 -1.38232e-05
6 28 13 8 -0.000142206
6 28 0 0 -1.18387e-05

6 36 6 36 0.00182539
6 36 1 56 -0.00134378
6 36 5 72 -0.000141693
6 36 7 8 -1.44081e-05
6 36 11 8 -1.4466e-05
6 36 12 8 -0.000142299
6 36 0 0 -1.56185e-05

6 44 6 44 0.0585601
6 44 1 108 -0.00357297
6 44 2 140 -2.20172e-05
6 44 5 8 -0.000991506
6 44 5 32 -2.62665e-05
6 44 5 72 -0.0125979
6 44 11 8 -1.30294e-05
6 44 12 8 -0.0293657
6 44 13 8 -9.9959e-05
6 44 0 0 -0.000109469

6 52 6 52 0.0330573
6 52 1 108 -1.02625e-05
6 52 2 140 -0.00256285
6 52 5 72 -0.00696566
6 52 11 8 -2.59783e-05
6 52 12 8 -3.27354e-05
6 52 13 8 -0.0163808
6 52 0 0 -4.27204e-05

6 56 6 56 0.00505141
6 56 1 104 -0.000133634
6 56 5 72 -0.000545985
6 56 11 8 -3.38742e-05
6 56 12 8 -0.00201265
6 56 13 8 -1.62094e-05
6 56 0 0 -0.000664166

6 60 6 60 0.029556
6 60 1 108 -0.000249902
6 60 5 72 -0.045978
6 60 11 8 -1.61277e-05
6 60 12 8 -0.0144046
6 60 13 8 -4.76512e-05
6 60 0 0 -0.000125788

6 64 6 64 0.00288065
6 64 2 136 -7.66625e-05
6 64 5 72 -0.000338454
6 64 11 8 -2.14988e-05
6 64 13 8 -0.00114427
6 64 0 0 -0.000362136

6 68 6 68 0.016867
6 68 2 140 -0.000197461
6 68 5 72 -0.00403167
6 68 11 8 -1.33886e-05
6 68 13 8 -0.00834358
6 68 0 0 -9.38849e-05

6 72 6 72 0.00528141
6 72 1 56 -0.000112326
6 72 2 152 -0.0030347
6 72 3 32 -2.36595e-05
6 72 4 32 -8.67193e-06
6 72 5 96 -2.85159e-05
6 72 5 128 -0.000133327
6 72 5 136 -2.39277e-05
6 72 5 144 -2.09441e-05
6 72 5 168 -3.00977e-05
6 72 5 176 -0.000352759
6 72 10 8 -1.14172e-05
6 72 11 8 -2.37902e-05
6 72 12 8 -4.16274e-05
6 72 13 8 -0.000195192
6 72 0 0 -0.000429261

6 80 6 80 0.00483468
6 80 1 56 -0.00152946
6 80 1 120 -0.000889929
6 80 2 64 -0.000121318
6 80 4 32 -8.75554e-06
6 80 5 112 -8.49132e-05
6 80 5 152 -0.000210312
6 80 5 176 -0.000395403
6 80 11 8 -1.20795e-05
6 80 12 8 -0.000222384
6 80 13 8 -3.45495e-05
6 80 0 0 -0.000458323

6 88 6 88 0.011938
6 88 1 56 -0.00115412
6 88 2 64 -0.00139244
6 88 3 32 -1.50378e-05
6 88 4 32 -2.86797e-05
6 88 5 176 -0.0020709
6 88 10 8 -2.09951e-05
6 88 11 8 -5.25607e-05
6 88 12 8 -0.000707668
6 88 13 8 -0.000700779
6 88 0 0 -0.00138639

7 8 7 8 0.0160901
7 8 1 48 -0.00735777
7 8 3 20 -4.48047e-05
7 8 3 24 -0.000421618
7 8 3 32 -2.77428e-05
7 8 4 20 -0.000195585
7 8 4 24 -0.00121278
7 8 4 32 -0.000429367
7 8 5 32 -0.00382028
7 8 5 52 -0.000253889
7 8 5 104 -5.53513e-06
7 8 5 112 -0.000132615
7 8 5 120 -5.69644e-06
7 8 5 152 -0.000164886
7 8 5 160 -7.69294e-06
7 8 5 176 -6.60086e-06
7 8 6 36 -1.44081e-05
7 8 8 8 -4.70991e-05
7 8 9 8 -1.41761e-05
7 8 10 8 -1.44941e-05
7 8 0 0 -1e-21

7 20 7 20 0.0548871
7 20 1 100 -0.00324452
7 20 3 8 -8.17793e-05
7 20 3 24 -0.011608
7 20 4 8 -0.000593482
7 20 4 24 -0.0117629
7 20 5 84 -0.000748496
7 20 8 8 -1.11528e-05
7 20 0 0 -1e-21

7 24 7 24 0.00420345
7 24 1 96 -0.000124253
7 24 3 24 -0.000500356
7 24 4 24 -0.000517827
7 24 5 80 -8.43499e-05
7 24 8 8 -3.22353e-05
7 24 10 8 -3.23427e-05
7 24 0 0 -1e-21

7 28 7 28 0.0285813
7 28 1 100 -0.000231871
7 28 3 24 -0.0296777
7 28 4 24 -0.0295578
7 28 5 68 -0.000732136
7 28 5 84 -1.64183e-05
7 28 8 8 -1.35527e-05
7 28 10 8 -1.37936e-05
7 28 0 0 -1e-21


#done
