Mdi:ArrangeIcons
wm geometry . 900x785+17+82
Mdi:ArrangeIcons
Mdi:ArrangeIcons
Mdi:ArrangeIcons
Mdi:ArrangeIcons
Mdi:ArrangeIcons
Mdi:ArrangeIcons
Mdi:ArrangeIcons
Mdi:ArrangeIcons
Mdi:ArrangeIcons
Mdi:ArrangeIcons
Mdi:ArrangeIcons
Mdi:ArrangeIcons
wm geometry . 1920x1081+0+31
Mdi:ArrangeIcons
Mdi:Resize 1799 885
Mdi:Move 5 5
ScopeSigMgr:loadpffile /filespace/m/mdlively/ECE555/ECE555/SIM/_NUERON/test_NEURON.tr0 1 openonly
# PF:1
wm geometry .sigmgr._PF:1 290x358+960+600
wm geometry .sigmgr._PF:1 290x358+951+586
wm geometry .sigmgr._PF:1 290x358+945+573
wm geometry .sigmgr._PF:1 290x358+919+528
wm geometry .sigmgr._PF:1 290x358+879+474
wm geometry .sigmgr._PF:1 290x358+823+408
wm geometry .sigmgr._PF:1 290x358+793+374
wm geometry .sigmgr._PF:1 290x358+759+342
wm geometry .sigmgr._PF:1 290x358+727+312
wm geometry .sigmgr._PF:1 290x358+669+262
wm geometry .sigmgr._PF:1 290x358+625+228
wm geometry .sigmgr._PF:1 290x358+596+206
wm geometry .sigmgr._PF:1 290x358+586+198
wm geometry .sigmgr._PF:1 290x358+583+196
wm geometry .sigmgr._PF:1 290x358+581+195
wm geometry .sigmgr._PF:1 290x358+579+194
wm geometry .sigmgr._PF:1 290x358+575+192
wm geometry .sigmgr._PF:1 290x358+570+190
wm geometry .sigmgr._PF:1 290x358+565+189
wm geometry .sigmgr._PF:1 1920x1114+0+31
pf:read PF:1 v(w_0<0>) v(w_0<1>) v(w_1<0>) v(w_1<1>) v(w_2<0>) v(w_2<1>) v(w_2<2>) v(x_0<0>) v(x_0<1>) v(x_1<0>) v(x_1<1>) v(z<0>) v(z<1>) v(z<2>)
# WF:1:1 WF:1:2 WF:1:3 WF:1:4 WF:1:5 WF:1:6 WF:1:7 WF:1:8 WF:1:9 WF:1:10 WF:1:11 WF:1:12 WF:1:13 WF:1:14
Graph addsignal {WF:1:1 WF:1:2 WF:1:3 WF:1:4 WF:1:5 WF:1:6 WF:1:7 WF:1:8 WF:1:9 WF:1:10 WF:1:11 WF:1:12 WF:1:13 WF:1:14} -region {new new new new new new new new new new new new new new} -yview {real(y) real(y) real(y) real(y) real(y) real(y) real(y) real(y) real(y) real(y) real(y) real(y) real(y) real(y)} -xview {real(x) real(x) real(x) real(x) real(x) real(x) real(x) real(x) real(x) real(x) real(x) real(x) real(x) real(x)} -tracehi {2 2 2 2 2 2 2 2 2 2 2 2 2 2}
# Signal0 Signal1 Signal2 Signal3 Signal4 Signal5 Signal6 Signal7 Signal8 Signal9 Signal10 Signal11 Signal12 Signal13
wm geometry .sigmgr 467x236+1443+140
wm geometry .sigmgr 467x236+1431+140
wm geometry .sigmgr 467x236+1425+141
wm geometry .sigmgr 467x236+1415+141
wm geometry .sigmgr 467x236+1397+143
wm geometry .sigmgr 467x236+1377+143
wm geometry .sigmgr 467x236+1360+144
wm geometry .sigmgr 467x236+1345+144
wm geometry .sigmgr 467x236+1341+144
wm geometry .sigmgr 467x236+1340+144
wm geometry .sigmgr 467x236+1342+142
wm geometry .sigmgr 467x236+1341+132
wm geometry .sigmgr 467x236+1340+127
wm geometry .sigmgr 467x236+1340+123
wm geometry .sigmgr 467x236+1337+114
wm geometry .sigmgr 467x236+1336+106
wm geometry .sigmgr 467x236+1335+99
wm geometry .sigmgr 467x236+1333+93
wm geometry .sigmgr 467x236+1332+88
wm geometry .sigmgr 467x236+1331+84
wm geometry .sigmgr 467x236+1331+80
wm geometry .sigmgr 467x236+1330+77
wm geometry .sigmgr 467x236+1329+74
wm geometry .sigmgr 467x236+1329+72
wm geometry .sigmgr 467x236+1328+71
wm geometry .sigmgr 467x236+1328+70
wm geometry .sigmgr 467x236+1328+69
wm geometry .sigmgr 467x236+1328+68
wm geometry .sigmgr 467x236+1328+67
wm geometry .sigmgr 467x236+1328+65
wm geometry .sigmgr 467x236+1329+64
wm geometry .sigmgr 467x236+1328+53
wm geometry .sigmgr 467x236+1327+50
wm geometry .sigmgr 467x236+1327+48
wm geometry .sigmgr 467x236+1326+44
wm geometry .sigmgr 467x236+1324+42
wm geometry .sigmgr 467x236+1322+31
wm geometry .sigmgr 467x236+1320+31
wm geometry .sigmgr 467x236+1319+31
wm geometry .sigmgr 467x236+1318+31
wm geometry .sigmgr 467x236+1317+31
wm geometry .sigmgr 467x236+1316+31
wm geometry .sigmgr 467x236+1315+31
wm geometry .sigmgr 467x236+1314+42
wm geometry .sigmgr 467x236+1314+43
wm geometry .sigmgr 467x236+1314+44
wm geometry .sigmgr 467x236+1314+45
wm geometry .sigmgr 467x236+1313+47
wm geometry .sigmgr 467x236+1313+50
wm geometry .sigmgr 467x236+1312+53
wm geometry .sigmgr 467x236+1312+55
wm geometry .sigmgr 467x236+1312+56
wm geometry .sigmgr 467x236+1311+56
wm geometry .sigmgr 467x236+1310+58
wm geometry .sigmgr 467x236+1310+61
ScopeSigMgr:Unload 0 {{(1) test_NEURON.tr0}}
Graph0 delsignal Signal0
Graph0 delsignal Signal1
Graph0 delsignal Signal2
Graph0 delsignal Signal3
Graph0 delsignal Signal4
Graph0 delsignal Signal5
Graph0 delsignal Signal6
Graph0 delsignal Signal7
Graph0 delsignal Signal8
Graph0 delsignal Signal9
Graph0 delsignal Signal10
Graph0 delsignal Signal11
Graph0 delsignal Signal12
Graph0 delsignal Signal13
